DEBUG [employee.php 2025-07-17 05:41:06]:
Sender: employee1
Receiver: it_head_is
Role From: employee
Role To: ithead
Title: hh
Message: hhhhhh
Category: network
Priority: medium

SUCCESS: Ticket inserted successfully.
DEBUG [employee.php 2025-07-17 05:42:58]:
Sender: employee1
Receiver: it_head_is
Role From: employee
Role To: ithead
Title: nn
Message: nnnnnn
Category: software
Priority: medium

SUCCESS: Ticket inserted successfully.
DEBUG [employee.php 2025-07-17 05:45:42]:
Sender: employee1
Receiver: it_head_is
Role From: employee
Role To: ithead
Title: n
Message: nnn
Category: software
Priority: medium
SUCCESS: Ticket inserted successfully (ID: 1).
